<?xml version="1.0" encoding="UTF-8"?>
<testsuite name="com.example.klaeffer.web.KlaefferControllerTests" tests="1" skipped="0" failures="0" errors="0" timestamp="2023-03-07T18:14:42" hostname="Flo-MacBook-Pro.fritz.box" time="0.09">
  <properties/>
  <testcase name="Kläff hinzufügen" classname="com.example.klaeffer.web.KlaefferControllerTests" time="0.09"/>
  <system-out><![CDATA[19:14:40.289 [Test worker] DEBUG org.springframework.boot.test.autoconfigure.web.servlet.WebMvcTestContextBootstrapper - Neither @ContextConfiguration nor @ContextHierarchy found for test class [KlaefferControllerTests]: using SpringBootContextLoader
19:14:40.296 [Test worker] DEBUG org.springframework.test.context.support.AbstractContextLoader - Could not detect default resource locations for test class [com.example.klaeffer.web.KlaefferControllerTests]: no resource found for suffixes {-context.xml, Context.groovy}.
19:14:40.297 [Test worker] INFO org.springframework.test.context.support.AnnotationConfigContextLoaderUtils - Could not detect default configuration classes for test class [com.example.klaeffer.web.KlaefferControllerTests]: KlaefferControllerTests does not declare any static, non-private, non-final, nested classes annotated with @Configuration.
19:14:40.348 [Test worker] DEBUG org.springframework.boot.test.autoconfigure.web.servlet.WebMvcTestContextBootstrapper - Using ContextCustomizers for test class [KlaefferControllerTests]: [DisableAutoConfigurationContextCustomizer, DisableObservabilityContextCustomizer, TypeExcludeFiltersContextCustomizer, PropertyMappingContextCustomizer, Customizer, ImportsContextCustomizer, ExcludeFilterContextCustomizer, DuplicateJsonObjectContextCustomizer, MockitoContextCustomizer]
19:14:40.437 [Test worker] DEBUG org.springframework.context.annotation.ClassPathScanningCandidateComponentProvider - Identified candidate component class: file [/Users/floriankark/Desktop/propra2_ws22/klaeffer/build/classes/java/main/com/example/klaeffer/KlaefferApplication.class]
19:14:40.438 [Test worker] INFO org.springframework.boot.test.context.SpringBootTestContextBootstrapper - Found @SpringBootConfiguration com.example.klaeffer.KlaefferApplication for test class com.example.klaeffer.web.KlaefferControllerTests
19:14:40.450 [Test worker] DEBUG org.springframework.test.context.util.TestContextSpringFactoriesUtils - Skipping candidate TestExecutionListener [org.springframework.test.context.transaction.TransactionalTestExecutionListener] due to a missing dependency. Specify custom TestExecutionListener classes or make the default TestExecutionListener classes and their required dependencies available. Offending class: [org/springframework/transaction/interceptor/TransactionAttributeSource]
19:14:40.453 [Test worker] DEBUG org.springframework.test.context.util.TestContextSpringFactoriesUtils - Skipping candidate TestExecutionListener [org.springframework.test.context.jdbc.SqlScriptsTestExecutionListener] due to a missing dependency. Specify custom TestExecutionListener classes or make the default TestExecutionListener classes and their required dependencies available. Offending class: [org/springframework/transaction/interceptor/TransactionAttribute]
19:14:40.455 [Test worker] DEBUG org.springframework.boot.test.autoconfigure.web.servlet.WebMvcTestContextBootstrapper - Using TestExecutionListeners for test class [KlaefferControllerTests]: [ServletTestExecutionListener, DirtiesContextBeforeModesTestExecutionListener, ApplicationEventsTestExecutionListener, MockitoTestExecutionListener, DependencyInjectionTestExecutionListener, DirtiesContextTestExecutionListener, EventPublishingTestExecutionListener, RestDocsTestExecutionListener, MockRestServiceServerResetTestExecutionListener, MockMvcPrintOnlyOnFailureTestExecutionListener, WebDriverTestExecutionListener, MockWebServiceServerTestExecutionListener, ResetMocksTestExecutionListener]
19:14:40.456 [Test worker] DEBUG org.springframework.test.context.support.AbstractDirtiesContextTestExecutionListener - Before test class: class [KlaefferControllerTests], class annotated with @DirtiesContext [false] with mode [null]

  .   ____          _            __ _ _
 /\\ / ___'_ __ _ _(_)_ __  __ _ \ \ \ \
( ( )\___ | '_ | '_| | '_ \/ _` | \ \ \ \
 \\/  ___)| |_)| | | | | || (_| |  ) ) ) )
  '  |____| .__|_| |_|_| |_\__, | / / / /
 =========|_|==============|___/=/_/_/_/
 :: Spring Boot ::                (v3.0.4)

2023-03-07T19:14:40.828+01:00  INFO 3245 --- [    Test worker] c.e.k.web.KlaefferControllerTests        : Starting KlaefferControllerTests using Java 17.0.1 with PID 3245 (started by floriankark in /Users/floriankark/Desktop/propra2_ws22/klaeffer)
2023-03-07T19:14:40.831+01:00  INFO 3245 --- [    Test worker] c.e.k.web.KlaefferControllerTests        : No active profile set, falling back to 1 default profile: "default"
2023-03-07T19:14:42.200+01:00  INFO 3245 --- [    Test worker] o.s.b.a.w.s.WelcomePageHandlerMapping    : Adding welcome page template: index
2023-03-07T19:14:42.317+01:00  INFO 3245 --- [    Test worker] o.s.b.t.m.w.SpringBootMockServletContext : Initializing Spring TestDispatcherServlet ''
2023-03-07T19:14:42.317+01:00  INFO 3245 --- [    Test worker] o.s.t.web.servlet.TestDispatcherServlet  : Initializing Servlet ''
2023-03-07T19:14:42.319+01:00  INFO 3245 --- [    Test worker] o.s.t.web.servlet.TestDispatcherServlet  : Completed initialization in 1 ms
2023-03-07T19:14:42.345+01:00  INFO 3245 --- [    Test worker] c.e.k.web.KlaefferControllerTests        : Started KlaefferControllerTests in 1.828 seconds (process running for 3.028)
Flo
]]></system-out>
  <system-err><![CDATA[]]></system-err>
</testsuite>
