<?xml version="1.0" encoding="UTF-8"?>
<testsuite name="com.example.klaeffer.web.KlaefferControllerTests" tests="1" skipped="0" failures="0" errors="0" timestamp="2023-03-07T20:03:15" hostname="Flo-MacBook-Pro.fritz.box" time="0.163">
  <properties/>
  <testcase name="Kläff mit leerem Namen nicht hinzufügen" classname="com.example.klaeffer.web.KlaefferControllerTests" time="0.163"/>
  <system-out><![CDATA[21:03:13.532 [Test worker] DEBUG org.springframework.boot.test.autoconfigure.web.servlet.WebMvcTestContextBootstrapper - Neither @ContextConfiguration nor @ContextHierarchy found for test class [KlaefferControllerTests]: using SpringBootContextLoader
21:03:13.538 [Test worker] DEBUG org.springframework.test.context.support.AbstractContextLoader - Could not detect default resource locations for test class [com.example.klaeffer.web.KlaefferControllerTests]: no resource found for suffixes {-context.xml, Context.groovy}.
21:03:13.540 [Test worker] INFO org.springframework.test.context.support.AnnotationConfigContextLoaderUtils - Could not detect default configuration classes for test class [com.example.klaeffer.web.KlaefferControllerTests]: KlaefferControllerTests does not declare any static, non-private, non-final, nested classes annotated with @Configuration.
21:03:13.592 [Test worker] DEBUG org.springframework.boot.test.autoconfigure.web.servlet.WebMvcTestContextBootstrapper - Using ContextCustomizers for test class [KlaefferControllerTests]: [DisableAutoConfigurationContextCustomizer, DisableObservabilityContextCustomizer, TypeExcludeFiltersContextCustomizer, PropertyMappingContextCustomizer, Customizer, ImportsContextCustomizer, ExcludeFilterContextCustomizer, DuplicateJsonObjectContextCustomizer, MockitoContextCustomizer]
21:03:13.672 [Test worker] DEBUG org.springframework.context.annotation.ClassPathScanningCandidateComponentProvider - Identified candidate component class: file [/Users/floriankark/Desktop/propra2_ws22/klaeffer/build/classes/java/main/com/example/klaeffer/KlaefferApplication.class]
21:03:13.673 [Test worker] INFO org.springframework.boot.test.context.SpringBootTestContextBootstrapper - Found @SpringBootConfiguration com.example.klaeffer.KlaefferApplication for test class com.example.klaeffer.web.KlaefferControllerTests
21:03:13.687 [Test worker] DEBUG org.springframework.test.context.util.TestContextSpringFactoriesUtils - Skipping candidate TestExecutionListener [org.springframework.test.context.transaction.TransactionalTestExecutionListener] due to a missing dependency. Specify custom TestExecutionListener classes or make the default TestExecutionListener classes and their required dependencies available. Offending class: [org/springframework/transaction/interceptor/TransactionAttributeSource]
21:03:13.689 [Test worker] DEBUG org.springframework.test.context.util.TestContextSpringFactoriesUtils - Skipping candidate TestExecutionListener [org.springframework.test.context.jdbc.SqlScriptsTestExecutionListener] due to a missing dependency. Specify custom TestExecutionListener classes or make the default TestExecutionListener classes and their required dependencies available. Offending class: [org/springframework/transaction/interceptor/TransactionAttribute]
21:03:13.691 [Test worker] DEBUG org.springframework.boot.test.autoconfigure.web.servlet.WebMvcTestContextBootstrapper - Using TestExecutionListeners for test class [KlaefferControllerTests]: [ServletTestExecutionListener, DirtiesContextBeforeModesTestExecutionListener, ApplicationEventsTestExecutionListener, MockitoTestExecutionListener, DependencyInjectionTestExecutionListener, DirtiesContextTestExecutionListener, EventPublishingTestExecutionListener, RestDocsTestExecutionListener, MockRestServiceServerResetTestExecutionListener, MockMvcPrintOnlyOnFailureTestExecutionListener, WebDriverTestExecutionListener, MockWebServiceServerTestExecutionListener, ResetMocksTestExecutionListener]
21:03:13.693 [Test worker] DEBUG org.springframework.test.context.support.AbstractDirtiesContextTestExecutionListener - Before test class: class [KlaefferControllerTests], class annotated with @DirtiesContext [false] with mode [null]

  .   ____          _            __ _ _
 /\\ / ___'_ __ _ _(_)_ __  __ _ \ \ \ \
( ( )\___ | '_ | '_| | '_ \/ _` | \ \ \ \
 \\/  ___)| |_)| | | | | || (_| |  ) ) ) )
  '  |____| .__|_| |_|_| |_\__, | / / / /
 =========|_|==============|___/=/_/_/_/
 :: Spring Boot ::                (v3.0.4)

2023-03-07T21:03:14.015+01:00  INFO 4154 --- [    Test worker] c.e.k.web.KlaefferControllerTests        : Starting KlaefferControllerTests using Java 17.0.1 with PID 4154 (started by floriankark in /Users/floriankark/Desktop/propra2_ws22/klaeffer)
2023-03-07T21:03:14.017+01:00  INFO 4154 --- [    Test worker] c.e.k.web.KlaefferControllerTests        : No active profile set, falling back to 1 default profile: "default"
2023-03-07T21:03:15.272+01:00  INFO 4154 --- [    Test worker] o.s.b.a.w.s.WelcomePageHandlerMapping    : Adding welcome page template: index
2023-03-07T21:03:15.391+01:00  INFO 4154 --- [    Test worker] o.s.b.t.m.w.SpringBootMockServletContext : Initializing Spring TestDispatcherServlet ''
2023-03-07T21:03:15.392+01:00  INFO 4154 --- [    Test worker] o.s.t.web.servlet.TestDispatcherServlet  : Initializing Servlet ''
2023-03-07T21:03:15.394+01:00  INFO 4154 --- [    Test worker] o.s.t.web.servlet.TestDispatcherServlet  : Completed initialization in 1 ms
2023-03-07T21:03:15.422+01:00  INFO 4154 --- [    Test worker] c.e.k.web.KlaefferControllerTests        : Started KlaefferControllerTests in 1.677 seconds (process running for 2.838)
2023-03-07T21:03:15.552+01:00  WARN 4154 --- [    Test worker] .w.s.m.s.DefaultHandlerExceptionResolver : Resolved [org.springframework.validation.BindException: org.springframework.validation.BeanPropertyBindingResult: 1 errors<EOL>Field error in object 'klaefferForm' on field 'name': rejected value []; codes [NotBlank.klaefferForm.name,NotBlank.name,NotBlank.java.lang.String,NotBlank]; arguments [org.springframework.context.support.DefaultMessageSourceResolvable: codes [klaefferForm.name,name]; arguments []; default message [name]]; default message [Bitte Namen eintragen!]]
]]></system-out>
  <system-err><![CDATA[]]></system-err>
</testsuite>
