<?xml version="1.0" encoding="UTF-8"?>
<testsuite name="com.example.klaeffer.web.KlaefferControllerTests" tests="1" skipped="0" failures="0" errors="0" timestamp="2023-03-09T17:25:15" hostname="Flo-MacBook-Pro.fritz.box" time="0.352">
  <properties/>
  <testcase name="Profilseite erreichbar" classname="com.example.klaeffer.web.KlaefferControllerTests" time="0.352"/>
  <system-out><![CDATA[18:25:13.272 [Test worker] DEBUG org.springframework.boot.test.autoconfigure.web.servlet.WebMvcTestContextBootstrapper - Neither @ContextConfiguration nor @ContextHierarchy found for test class [KlaefferControllerTests]: using SpringBootContextLoader
18:25:13.278 [Test worker] DEBUG org.springframework.test.context.support.AbstractContextLoader - Could not detect default resource locations for test class [com.example.klaeffer.web.KlaefferControllerTests]: no resource found for suffixes {-context.xml, Context.groovy}.
18:25:13.279 [Test worker] INFO org.springframework.test.context.support.AnnotationConfigContextLoaderUtils - Could not detect default configuration classes for test class [com.example.klaeffer.web.KlaefferControllerTests]: KlaefferControllerTests does not declare any static, non-private, non-final, nested classes annotated with @Configuration.
18:25:13.334 [Test worker] DEBUG org.springframework.boot.test.autoconfigure.web.servlet.WebMvcTestContextBootstrapper - Using ContextCustomizers for test class [KlaefferControllerTests]: [DisableAutoConfigurationContextCustomizer, DisableObservabilityContextCustomizer, TypeExcludeFiltersContextCustomizer, PropertyMappingContextCustomizer, Customizer, ImportsContextCustomizer, ExcludeFilterContextCustomizer, DuplicateJsonObjectContextCustomizer, MockitoContextCustomizer]
18:25:13.418 [Test worker] DEBUG org.springframework.context.annotation.ClassPathScanningCandidateComponentProvider - Identified candidate component class: file [/Users/floriankark/Desktop/propra2_ws22/klaeffer/build/classes/java/main/com/example/klaeffer/KlaefferApplication.class]
18:25:13.419 [Test worker] INFO org.springframework.boot.test.context.SpringBootTestContextBootstrapper - Found @SpringBootConfiguration com.example.klaeffer.KlaefferApplication for test class com.example.klaeffer.web.KlaefferControllerTests
18:25:13.438 [Test worker] DEBUG org.springframework.test.context.util.TestContextSpringFactoriesUtils - Skipping candidate TestExecutionListener [org.springframework.test.context.transaction.TransactionalTestExecutionListener] due to a missing dependency. Specify custom TestExecutionListener classes or make the default TestExecutionListener classes and their required dependencies available. Offending class: [org/springframework/transaction/interceptor/TransactionAttributeSource]
18:25:13.440 [Test worker] DEBUG org.springframework.test.context.util.TestContextSpringFactoriesUtils - Skipping candidate TestExecutionListener [org.springframework.test.context.jdbc.SqlScriptsTestExecutionListener] due to a missing dependency. Specify custom TestExecutionListener classes or make the default TestExecutionListener classes and their required dependencies available. Offending class: [org/springframework/transaction/interceptor/TransactionAttribute]
18:25:13.442 [Test worker] DEBUG org.springframework.boot.test.autoconfigure.web.servlet.WebMvcTestContextBootstrapper - Using TestExecutionListeners for test class [KlaefferControllerTests]: [ServletTestExecutionListener, DirtiesContextBeforeModesTestExecutionListener, ApplicationEventsTestExecutionListener, MockitoTestExecutionListener, DependencyInjectionTestExecutionListener, DirtiesContextTestExecutionListener, WithSecurityContextTestExecutionListener, EventPublishingTestExecutionListener, ReactorContextTestExecutionListener, RestDocsTestExecutionListener, MockRestServiceServerResetTestExecutionListener, MockMvcPrintOnlyOnFailureTestExecutionListener, WebDriverTestExecutionListener, MockWebServiceServerTestExecutionListener, ResetMocksTestExecutionListener]
18:25:13.444 [Test worker] DEBUG org.springframework.test.context.support.AbstractDirtiesContextTestExecutionListener - Before test class: class [KlaefferControllerTests], class annotated with @DirtiesContext [false] with mode [null]

  .   ____          _            __ _ _
 /\\ / ___'_ __ _ _(_)_ __  __ _ \ \ \ \
( ( )\___ | '_ | '_| | '_ \/ _` | \ \ \ \
 \\/  ___)| |_)| | | | | || (_| |  ) ) ) )
  '  |____| .__|_| |_|_| |_\__, | / / / /
 =========|_|==============|___/=/_/_/_/
 :: Spring Boot ::                (v3.0.4)

2023-03-09T18:25:13.802+01:00  INFO 17415 --- [    Test worker] c.e.k.web.KlaefferControllerTests        : Starting KlaefferControllerTests using Java 17.0.1 with PID 17415 (started by floriankark in /Users/floriankark/Desktop/propra2_ws22/klaeffer)
2023-03-09T18:25:13.803+01:00  INFO 17415 --- [    Test worker] c.e.k.web.KlaefferControllerTests        : No active profile set, falling back to 1 default profile: "default"
2023-03-09T18:25:15.164+01:00  INFO 17415 --- [    Test worker] o.s.b.a.w.s.WelcomePageHandlerMapping    : Adding welcome page template: index
2023-03-09T18:25:15.366+01:00  INFO 17415 --- [    Test worker] o.s.s.web.DefaultSecurityFilterChain     : Will secure any request with [org.springframework.security.web.session.DisableEncodeUrlFilter@45d7495e, org.springframework.security.web.context.request.async.WebAsyncManagerIntegrationFilter@30517a57, org.springframework.security.web.context.SecurityContextHolderFilter@3b57f915, org.springframework.security.web.header.HeaderWriterFilter@6a6d1ff3, org.springframework.security.web.csrf.CsrfFilter@1322b575, org.springframework.security.web.authentication.logout.LogoutFilter@58882a93, org.springframework.security.oauth2.client.web.OAuth2AuthorizationRequestRedirectFilter@6ea66c33, org.springframework.security.oauth2.client.web.OAuth2AuthorizationRequestRedirectFilter@69ba3f4e, org.springframework.security.oauth2.client.web.OAuth2LoginAuthenticationFilter@59b447a4, org.springframework.security.web.authentication.ui.DefaultLoginPageGeneratingFilter@322b09da, org.springframework.security.web.authentication.ui.DefaultLogoutPageGeneratingFilter@3dde5f38, org.springframework.security.web.savedrequest.RequestCacheAwareFilter@645dc557, org.springframework.security.web.servletapi.SecurityContextHolderAwareRequestFilter@c732e1c, org.springframework.security.web.authentication.AnonymousAuthenticationFilter@79ad1774, org.springframework.security.oauth2.client.web.OAuth2AuthorizationCodeGrantFilter@49889154, org.springframework.security.web.access.ExceptionTranslationFilter@3db1ce78, org.springframework.security.web.access.intercept.AuthorizationFilter@7f93f4c]
2023-03-09T18:25:15.415+01:00  INFO 17415 --- [    Test worker] o.s.b.t.m.w.SpringBootMockServletContext : Initializing Spring TestDispatcherServlet ''
2023-03-09T18:25:15.415+01:00  INFO 17415 --- [    Test worker] o.s.t.web.servlet.TestDispatcherServlet  : Initializing Servlet ''
2023-03-09T18:25:15.417+01:00  INFO 17415 --- [    Test worker] o.s.t.web.servlet.TestDispatcherServlet  : Completed initialization in 1 ms
2023-03-09T18:25:15.442+01:00  INFO 17415 --- [    Test worker] c.e.k.web.KlaefferControllerTests        : Started KlaefferControllerTests in 1.943 seconds (process running for 3.333)
]]></system-out>
  <system-err><![CDATA[]]></system-err>
</testsuite>
