<?xml version="1.0" encoding="UTF-8"?>
<testsuite name="com.example.klaeffer.web.KlaefferControllerTests" tests="1" skipped="0" failures="0" errors="0" timestamp="2023-03-09T16:14:03" hostname="Flo-MacBook-Pro.fritz.box" time="0.162">
  <properties/>
  <testcase name="Kläff hinzufügen" classname="com.example.klaeffer.web.KlaefferControllerTests" time="0.162"/>
  <system-out><![CDATA[17:14:01.320 [Test worker] DEBUG org.springframework.boot.test.autoconfigure.web.servlet.WebMvcTestContextBootstrapper - Neither @ContextConfiguration nor @ContextHierarchy found for test class [KlaefferControllerTests]: using SpringBootContextLoader
17:14:01.328 [Test worker] DEBUG org.springframework.test.context.support.AbstractContextLoader - Could not detect default resource locations for test class [com.example.klaeffer.web.KlaefferControllerTests]: no resource found for suffixes {-context.xml, Context.groovy}.
17:14:01.329 [Test worker] INFO org.springframework.test.context.support.AnnotationConfigContextLoaderUtils - Could not detect default configuration classes for test class [com.example.klaeffer.web.KlaefferControllerTests]: KlaefferControllerTests does not declare any static, non-private, non-final, nested classes annotated with @Configuration.
17:14:01.417 [Test worker] DEBUG org.springframework.boot.test.autoconfigure.web.servlet.WebMvcTestContextBootstrapper - Using ContextCustomizers for test class [KlaefferControllerTests]: [DisableAutoConfigurationContextCustomizer, DisableObservabilityContextCustomizer, TypeExcludeFiltersContextCustomizer, PropertyMappingContextCustomizer, Customizer, ImportsContextCustomizer, ExcludeFilterContextCustomizer, DuplicateJsonObjectContextCustomizer, MockitoContextCustomizer]
17:14:01.579 [Test worker] DEBUG org.springframework.context.annotation.ClassPathScanningCandidateComponentProvider - Identified candidate component class: file [/Users/floriankark/Desktop/propra2_ws22/klaeffer/build/classes/java/main/com/example/klaeffer/KlaefferApplication.class]
17:14:01.582 [Test worker] INFO org.springframework.boot.test.context.SpringBootTestContextBootstrapper - Found @SpringBootConfiguration com.example.klaeffer.KlaefferApplication for test class com.example.klaeffer.web.KlaefferControllerTests
17:14:01.600 [Test worker] DEBUG org.springframework.test.context.util.TestContextSpringFactoriesUtils - Skipping candidate TestExecutionListener [org.springframework.test.context.transaction.TransactionalTestExecutionListener] due to a missing dependency. Specify custom TestExecutionListener classes or make the default TestExecutionListener classes and their required dependencies available. Offending class: [org/springframework/transaction/interceptor/TransactionAttributeSource]
17:14:01.602 [Test worker] DEBUG org.springframework.test.context.util.TestContextSpringFactoriesUtils - Skipping candidate TestExecutionListener [org.springframework.test.context.jdbc.SqlScriptsTestExecutionListener] due to a missing dependency. Specify custom TestExecutionListener classes or make the default TestExecutionListener classes and their required dependencies available. Offending class: [org/springframework/transaction/interceptor/TransactionAttribute]
17:14:01.608 [Test worker] DEBUG org.springframework.boot.test.autoconfigure.web.servlet.WebMvcTestContextBootstrapper - Using TestExecutionListeners for test class [KlaefferControllerTests]: [ServletTestExecutionListener, DirtiesContextBeforeModesTestExecutionListener, ApplicationEventsTestExecutionListener, MockitoTestExecutionListener, DependencyInjectionTestExecutionListener, DirtiesContextTestExecutionListener, WithSecurityContextTestExecutionListener, EventPublishingTestExecutionListener, ReactorContextTestExecutionListener, RestDocsTestExecutionListener, MockRestServiceServerResetTestExecutionListener, MockMvcPrintOnlyOnFailureTestExecutionListener, WebDriverTestExecutionListener, MockWebServiceServerTestExecutionListener, ResetMocksTestExecutionListener]
17:14:01.611 [Test worker] DEBUG org.springframework.test.context.support.AbstractDirtiesContextTestExecutionListener - Before test class: class [KlaefferControllerTests], class annotated with @DirtiesContext [false] with mode [null]

  .   ____          _            __ _ _
 /\\ / ___'_ __ _ _(_)_ __  __ _ \ \ \ \
( ( )\___ | '_ | '_| | '_ \/ _` | \ \ \ \
 \\/  ___)| |_)| | | | | || (_| |  ) ) ) )
  '  |____| .__|_| |_|_| |_\__, | / / / /
 =========|_|==============|___/=/_/_/_/
 :: Spring Boot ::                (v3.0.4)

2023-03-09T17:14:02.000+01:00  INFO 16722 --- [    Test worker] c.e.k.web.KlaefferControllerTests        : Starting KlaefferControllerTests using Java 17.0.1 with PID 16722 (started by floriankark in /Users/floriankark/Desktop/propra2_ws22/klaeffer)
2023-03-09T17:14:02.001+01:00  INFO 16722 --- [    Test worker] c.e.k.web.KlaefferControllerTests        : No active profile set, falling back to 1 default profile: "default"
2023-03-09T17:14:03.408+01:00  INFO 16722 --- [    Test worker] o.s.b.a.w.s.WelcomePageHandlerMapping    : Adding welcome page template: index
2023-03-09T17:14:03.605+01:00  INFO 16722 --- [    Test worker] o.s.s.web.DefaultSecurityFilterChain     : Will secure any request with [org.springframework.security.web.session.DisableEncodeUrlFilter@64f3ca6, org.springframework.security.web.context.request.async.WebAsyncManagerIntegrationFilter@3df77dfa, org.springframework.security.web.context.SecurityContextHolderFilter@17884d, org.springframework.security.web.header.HeaderWriterFilter@39c7fb0b, org.springframework.security.web.csrf.CsrfFilter@e4ca109, org.springframework.security.web.authentication.logout.LogoutFilter@67eeb310, org.springframework.security.oauth2.client.web.OAuth2AuthorizationRequestRedirectFilter@a826ff8, org.springframework.security.oauth2.client.web.OAuth2AuthorizationRequestRedirectFilter@49889154, org.springframework.security.oauth2.client.web.OAuth2LoginAuthenticationFilter@71f0806b, org.springframework.security.web.authentication.ui.DefaultLoginPageGeneratingFilter@c262f2f, org.springframework.security.web.authentication.ui.DefaultLogoutPageGeneratingFilter@721fc2e3, org.springframework.security.web.savedrequest.RequestCacheAwareFilter@c732e1c, org.springframework.security.web.servletapi.SecurityContextHolderAwareRequestFilter@340c5fb6, org.springframework.security.web.authentication.AnonymousAuthenticationFilter@63187d63, org.springframework.security.oauth2.client.web.OAuth2AuthorizationCodeGrantFilter@3dde5f38, org.springframework.security.web.access.ExceptionTranslationFilter@57c6feea, org.springframework.security.web.access.intercept.AuthorizationFilter@27afbf14]
2023-03-09T17:14:03.653+01:00  INFO 16722 --- [    Test worker] o.s.b.t.m.w.SpringBootMockServletContext : Initializing Spring TestDispatcherServlet ''
2023-03-09T17:14:03.654+01:00  INFO 16722 --- [    Test worker] o.s.t.web.servlet.TestDispatcherServlet  : Initializing Servlet ''
2023-03-09T17:14:03.655+01:00  INFO 16722 --- [    Test worker] o.s.t.web.servlet.TestDispatcherServlet  : Completed initialization in 1 ms
2023-03-09T17:14:03.680+01:00  INFO 16722 --- [    Test worker] c.e.k.web.KlaefferControllerTests        : Started KlaefferControllerTests in 2.016 seconds (process running for 3.5)
]]></system-out>
  <system-err><![CDATA[]]></system-err>
</testsuite>
